2022-03-25 18:12:49, UUID: 8d119588-35d5-42e4-ab22-1013d60d5742, Command: weather_forecast, Location: 151.2164539, -33.8548157
2022-03-25 18:13:24, UUID: 8d119588-35d5-42e4-ab22-1013d60d5742, Command: weather_forecast, Location: 6.7611, 53.1617
2022-03-25 18:14:10, UUID: 8d119588-35d5-42e4-ab22-1013d60d5742, Command: weather_forecast, Location: 6.7611, 53.1617
2022-03-25 18:15:28, UUID: 8d119588-35d5-42e4-ab22-1013d60d5742, Command: weather_forecast, Location: 6.7611, 53.1617
2022-03-25 18:17:06, UUID: 8d119588-35d5-42e4-ab22-1013d60d5742, Command: weather_forecast, Location: 6.7611, 53.1617
2022-03-25 18:17:49, UUID: 8d119588-35d5-42e4-ab22-1013d60d5742, Command: get_current_time, timezone: local
2022-03-25 18:18:21, UUID: 8d119588-35d5-42e4-ab22-1013d60d5742, Command: get_current_time, timezone: Australia/Sydney
2022-03-25 18:28:19, UUID: 8d119588-35d5-42e4-ab22-1013d60d5742, Command: get_current_time, timezone: local
2022-03-25 19:43:12, UUID: 8d119588-35d5-42e4-ab22-1013d60d5742, Command: get_current_time, timezone: local
2022-03-25 19:47:33, UUID: 8d119588-35d5-42e4-ab22-1013d60d5742, Command: get_current_time, timezone: local
2022-03-25 19:47:59, UUID: 8d119588-35d5-42e4-ab22-1013d60d5742, Command: get_current_time, timezone: local
2022-03-25 19:49:03, UUID: 8d119588-35d5-42e4-ab22-1013d60d5742, Command: get_current_time, timezone: America/Argentina/Cordoba
2022-03-25 19:49:13, UUID: 8d119588-35d5-42e4-ab22-1013d60d5742, Command: get_current_time, timezone: local
2022-03-25 19:49:22, UUID: 8d119588-35d5-42e4-ab22-1013d60d5742, Command: get_current_time, timezone: Australia/Sydney
2022-03-25 19:50:09, UUID: 8d119588-35d5-42e4-ab22-1013d60d5742, Command: weather_forecast, Location: 6.7611, 53.1617
2022-03-25 19:50:29, UUID: 8d119588-35d5-42e4-ab22-1013d60d5742, Command: weather_forecast, Location: 151.2164539, -33.8548157
2022-03-26 16:09:39, UUID: 8d119588-35d5-42e4-ab22-1013d60d5742, Command: how_am_i, 
2022-03-26 16:17:08, UUID: 8d119588-35d5-42e4-ab22-1013d60d5742, Command: math, 
2022-03-26 17:12:30, UUID: 8d119588-35d5-42e4-ab22-1013d60d5742, Command: math, 
2022-03-26 17:12:49, UUID: 8d119588-35d5-42e4-ab22-1013d60d5742, Command: math, 
2022-03-26 17:13:49, UUID: 8d119588-35d5-42e4-ab22-1013d60d5742, Command: math, 
2022-03-26 17:14:06, UUID: 8d119588-35d5-42e4-ab22-1013d60d5742, Command: math, 
2022-03-26 17:14:28, UUID: 8d119588-35d5-42e4-ab22-1013d60d5742, Command: math, 
2022-03-26 17:14:38, UUID: 8d119588-35d5-42e4-ab22-1013d60d5742, Command: get_current_time, timezone: local
2022-03-26 17:14:56, UUID: 8d119588-35d5-42e4-ab22-1013d60d5742, Command: get_current_time, timezone: America/New_York
2022-03-26 17:15:08, UUID: 8d119588-35d5-42e4-ab22-1013d60d5742, Command: math, 
2022-03-26 17:15:45, UUID: 8d119588-35d5-42e4-ab22-1013d60d5742, Command: math, 
2022-03-26 17:19:16, UUID: 8d119588-35d5-42e4-ab22-1013d60d5742, Command: math, 
2022-03-26 17:19:50, UUID: 8d119588-35d5-42e4-ab22-1013d60d5742, Command: math, 
2022-03-26 17:20:17, UUID: 8d119588-35d5-42e4-ab22-1013d60d5742, Command: math, 
2022-03-26 17:20:47, UUID: 8d119588-35d5-42e4-ab22-1013d60d5742, Command: math, 
2022-03-26 17:21:52, UUID: 8d119588-35d5-42e4-ab22-1013d60d5742, Command: math, 
2022-03-26 17:22:48, UUID: 8d119588-35d5-42e4-ab22-1013d60d5742, Command: math, 
2022-03-26 17:24:29, UUID: 8d119588-35d5-42e4-ab22-1013d60d5742, Command: math, 
2022-03-26 17:24:36, UUID: 8d119588-35d5-42e4-ab22-1013d60d5742, Command: math, 
2022-03-26 17:26:13, UUID: 8d119588-35d5-42e4-ab22-1013d60d5742, Command: math, 
2022-03-26 17:27:03, UUID: 8d119588-35d5-42e4-ab22-1013d60d5742, Command: math, 
2022-03-26 17:27:46, UUID: 8d119588-35d5-42e4-ab22-1013d60d5742, Command: math, 
2022-03-26 17:28:22, UUID: 8d119588-35d5-42e4-ab22-1013d60d5742, Command: math, 
2022-03-26 17:28:37, UUID: 8d119588-35d5-42e4-ab22-1013d60d5742, Command: math, 
2022-03-26 17:28:42, UUID: 8d119588-35d5-42e4-ab22-1013d60d5742, Command: math, 
2022-03-26 17:35:40, UUID: 8d119588-35d5-42e4-ab22-1013d60d5742, Command: math, 
2022-03-26 17:36:27, UUID: 8d119588-35d5-42e4-ab22-1013d60d5742, Command: math, 
2022-03-26 17:37:41, UUID: 8d119588-35d5-42e4-ab22-1013d60d5742, Command: math, 
2022-03-26 18:29:18, UUID: 8d119588-35d5-42e4-ab22-1013d60d5742, Command: math, 
2022-03-26 18:30:55, UUID: 8d119588-35d5-42e4-ab22-1013d60d5742, Command: math, 
2022-03-26 18:31:52, UUID: 8d119588-35d5-42e4-ab22-1013d60d5742, Command: math, 
2022-03-26 18:32:46, UUID: 8d119588-35d5-42e4-ab22-1013d60d5742, Command: math, 
2022-03-26 18:37:00, UUID: 8d119588-35d5-42e4-ab22-1013d60d5742, Command: math, 
2022-03-27 18:26:33, UUID: 8d119588-35d5-42e4-ab22-1013d60d5742, Command: math, 
2022-03-28 19:39:05, UUID: 8d119588-35d5-42e4-ab22-1013d60d5742, Command: math, 
2022-03-28 19:39:38, UUID: 8d119588-35d5-42e4-ab22-1013d60d5742, Command: math, 
2022-03-28 19:39:57, UUID: 8d119588-35d5-42e4-ab22-1013d60d5742, Command: math, 
2022-03-28 19:41:32, UUID: 8d119588-35d5-42e4-ab22-1013d60d5742, Command: math, 
2022-03-28 19:41:55, UUID: 8d119588-35d5-42e4-ab22-1013d60d5742, Command: math, 
2022-03-28 19:43:25, UUID: 8d119588-35d5-42e4-ab22-1013d60d5742, Command: math, 
2022-03-28 20:04:45, UUID: 8d119588-35d5-42e4-ab22-1013d60d5742, Command: math, 
2022-03-28 20:05:17, UUID: 8d119588-35d5-42e4-ab22-1013d60d5742, Command: math, 
2022-03-29 12:27:05, UUID: 8d119588-35d5-42e4-ab22-1013d60d5742, Command: how_am_i, 
2022-03-29 12:27:31, UUID: 8d119588-35d5-42e4-ab22-1013d60d5742, Command: how_am_i, 
2022-03-29 12:53:44, UUID: 8d119588-35d5-42e4-ab22-1013d60d5742, Command: convert_units, 
2022-03-29 12:55:46, UUID: 8d119588-35d5-42e4-ab22-1013d60d5742, Command: convert_units, 
2022-03-29 14:21:39, UUID: 8d119588-35d5-42e4-ab22-1013d60d5742, Command: convert_units, 
2022-03-29 15:49:08, UUID: 8d119588-35d5-42e4-ab22-1013d60d5742, Command: convert_currency, 
2022-03-29 15:49:27, UUID: 8d119588-35d5-42e4-ab22-1013d60d5742, Command: convert_currency, 
2022-03-29 15:49:51, UUID: 8d119588-35d5-42e4-ab22-1013d60d5742, Command: convert_currency, 
2022-03-29 15:50:05, UUID: 8d119588-35d5-42e4-ab22-1013d60d5742, Command: convert_currency, 
2022-03-29 15:51:48, UUID: 8d119588-35d5-42e4-ab22-1013d60d5742, Command: convert_currency, 
2022-03-29 15:52:35, UUID: 8d119588-35d5-42e4-ab22-1013d60d5742, Command: convert_currency, 
2022-03-29 15:52:53, UUID: 8d119588-35d5-42e4-ab22-1013d60d5742, Command: convert_currency, 
2022-03-29 15:53:04, UUID: 8d119588-35d5-42e4-ab22-1013d60d5742, Command: convert_currency, 
2022-03-29 16:05:57, UUID: 8d119588-35d5-42e4-ab22-1013d60d5742, Command: convert_currency, 
2022-03-29 16:11:29, UUID: 8d119588-35d5-42e4-ab22-1013d60d5742, Command: convert_currency, 
2022-03-29 16:11:42, UUID: 8d119588-35d5-42e4-ab22-1013d60d5742, Command: convert_currency, 
2022-03-29 16:15:30, UUID: 8d119588-35d5-42e4-ab22-1013d60d5742, Command: convert_currency, 
2022-03-29 16:16:02, UUID: 8d119588-35d5-42e4-ab22-1013d60d5742, Command: convert_currency, 
2022-03-29 16:16:31, UUID: 8d119588-35d5-42e4-ab22-1013d60d5742, Command: convert_currency, 
2022-03-29 16:19:11, UUID: 8d119588-35d5-42e4-ab22-1013d60d5742, Command: convert_currency, 
2022-03-29 16:19:31, UUID: 8d119588-35d5-42e4-ab22-1013d60d5742, Command: convert_currency, 
2022-04-05 12:54:58, UUID: 8d119588-35d5-42e4-ab22-1013d60d5742, Command: get_current_time, timezone: local
2022-04-05 12:55:22, UUID: 8d119588-35d5-42e4-ab22-1013d60d5742, Command: get_current_time, timezone: Europe/Zurich
2022-04-05 12:58:30, UUID: 8d119588-35d5-42e4-ab22-1013d60d5742, Command: joke, 
2022-04-05 13:00:02, UUID: 8d119588-35d5-42e4-ab22-1013d60d5742, Command: joke, 
2022-04-05 13:01:48, UUID: 8d119588-35d5-42e4-ab22-1013d60d5742, Command: how_am_i, 
2022-04-05 14:09:52, UUID: 8d119588-35d5-42e4-ab22-1013d60d5742, Command: get_current_time, timezone: local
2022-04-05 14:10:11, UUID: 8d119588-35d5-42e4-ab22-1013d60d5742, Command: weather_forecast, Location: 6.7611, 53.1617
2022-04-05 14:10:21, UUID: 8d119588-35d5-42e4-ab22-1013d60d5742, Command: math, 
2022-04-05 14:10:41, UUID: 8d119588-35d5-42e4-ab22-1013d60d5742, Command: math, 
2022-04-05 14:11:30, UUID: 8d119588-35d5-42e4-ab22-1013d60d5742, Command: convert_units, 
2022-04-05 14:11:47, UUID: 8d119588-35d5-42e4-ab22-1013d60d5742, Command: convert_currency, 
